<?xml version="1.0" encoding="UTF-8"?>
<testng-results ignored="0" total="1" passed="1" failed="0" skipped="0">
  <reporter-output>
  </reporter-output>
  <suite started-at="2023-07-17T08:53:29Z" name="Default suite" finished-at="2023-07-17T08:53:50Z" duration-ms="21255">
    <groups>
    </groups>
    <test started-at="2023-07-17T08:53:29Z" name="Default test" finished-at="2023-07-17T08:53:50Z" duration-ms="21255">
      <class name="DemoFullScreenshot.TakeFullScreenshot">
        <test-method signature="checkFullScreenshot()[pri:0, instance:DemoFullScreenshot.TakeFullScreenshot@37e4d7bb]" started-at="2023-07-17T08:53:29Z" name="checkFullScreenshot" finished-at="2023-07-17T08:53:50Z" duration-ms="21220" status="PASS">
          <reporter-output>
          </reporter-output>
        </test-method> <!-- checkFullScreenshot -->
      </class> <!-- DemoFullScreenshot.TakeFullScreenshot -->
    </test> <!-- Default test -->
  </suite> <!-- Default suite -->
</testng-results>
